Standard_Output from gnat2goto test:
----------At: Do_Itype_Definition----------
----------Unknown Ekind E_ACCESS_SUBTYPE----------
N_Defining_Identifier "T6b" (Entity_Id=2491)
 Parent = <empty>
 Sloc = 8480  test.adb:13:4
 Chars = "T6b" (Name_Id=300001463)
 Next_Entity = N_Defining_Identifier "assert_compare" (Entity_Id=2476)
 Scope = N_Defining_Identifier "test" (Entity_Id=2245)
 Ekind = E_Access_Subtype
 Etype = N_Defining_Identifier "comparator" (Entity_Id=2304)
 Associated_Node_For_Itype = N_Procedure_Specification (Node_Id=2473)
 Esize = 64 (Uint = 600032832)
 RM_Size = 64 (Uint = 600032832)
 Alignment = 4 (Uint = 600032772)
 Directly_Designated_Type = N_Defining_Identifier "T3b" (Entity_Id=2451)
 Can_Never_Be_Null = True
 Has_Qualified_Name = True
 Is_Frozen = True
 Is_Internal = True
 Is_Itype = True
 Size_Known_At_Compile_Time = True

[assert_compare.assertion.1] line 15 assertion Func.all(5): FAILURE
VERIFICATION FAILED
