[assertion.1] file floating_definition.adb line 9 Range Check: SUCCESS
[1] file floating_definition.adb line 10 assertion: SUCCESS
[2] file floating_definition.adb line 11 assertion: FAILURE
VERIFICATION FAILED
